<?xml version="1.0" encoding="UTF-8"?>
<testng-results skipped="0" failed="0" ignored="0" total="1" passed="1">
  <reporter-output>
  </reporter-output>
  <suite name="test1" duration-ms="27058" started-at="2020-04-19T22:22:21 IST" finished-at="2020-04-19T22:22:48 IST">
    <groups>
    </groups>
    <test name="test2" duration-ms="27058" started-at="2020-04-19T22:22:21 IST" finished-at="2020-04-19T22:22:48 IST">
      <class name="google.Opengoogle">
        <test-method status="PASS" signature="opengoogle()[pri:0, instance:google.Opengoogle@43814d18]" name="opengoogle" duration-ms="26965" started-at="2020-04-19T22:22:21 IST" finished-at="2020-04-19T22:22:48 IST">
          <reporter-output>
          </reporter-output>
        </test-method> <!-- opengoogle -->
      </class> <!-- google.Opengoogle -->
    </test> <!-- test2 -->
  </suite> <!-- test1 -->
</testng-results>
