<?xml version="1.0" encoding="UTF-8"?>
<testng-results skipped="0" failed="0" ignored="0" total="1" passed="1">
  <reporter-output>
  </reporter-output>
  <suite name="test1" duration-ms="72379" started-at="2020-04-20T04:14:17Z" finished-at="2020-04-20T04:15:29Z">
    <groups>
    </groups>
    <test name="test2" duration-ms="72379" started-at="2020-04-20T04:14:17Z" finished-at="2020-04-20T04:15:29Z">
      <class name="google.Opengoogle">
        <test-method status="PASS" signature="opengoogle()[pri:0, instance:google.Opengoogle@5427c60c]" name="opengoogle" duration-ms="72330" started-at="2020-04-20T04:14:17Z" finished-at="2020-04-20T04:15:29Z">
          <reporter-output>
          </reporter-output>
        </test-method> <!-- opengoogle -->
      </class> <!-- google.Opengoogle -->
    </test> <!-- test2 -->
  </suite> <!-- test1 -->
</testng-results>
